D:\ACADEMIC\TEACHING\CPRE_185_S2013\INCLASS_PROJECTS\CYCALC7_UNIVERSAL\DEBUG\BGIOUT.OBJ
D:\ACADEMIC\TEACHING\CPRE_185_S2013\INCLASS_PROJECTS\CYCALC7_UNIVERSAL\DEBUG\DIBUTIL.OBJ
D:\ACADEMIC\TEACHING\CPRE_185_S2013\INCLASS_PROJECTS\CYCALC7_UNIVERSAL\DEBUG\DRAWING.OBJ
D:\ACADEMIC\TEACHING\CPRE_185_S2013\INCLASS_PROJECTS\CYCALC7_UNIVERSAL\DEBUG\FILE.OBJ
D:\ACADEMIC\TEACHING\CPRE_185_S2013\INCLASS_PROJECTS\CYCALC7_UNIVERSAL\DEBUG\MISC.OBJ
D:\ACADEMIC\TEACHING\CPRE_185_S2013\INCLASS_PROJECTS\CYCALC7_UNIVERSAL\DEBUG\MOUSE.OBJ
D:\ACADEMIC\TEACHING\CPRE_185_S2013\INCLASS_PROJECTS\CYCALC7_UNIVERSAL\DEBUG\PALETTE.OBJ
D:\ACADEMIC\TEACHING\CPRE_185_S2013\INCLASS_PROJECTS\CYCALC7_UNIVERSAL\DEBUG\MAIN.OBJ
D:\ACADEMIC\TEACHING\CPRE_185_S2013\INCLASS_PROJECTS\CYCALC7_UNIVERSAL\DEBUG\TEXT.OBJ
D:\ACADEMIC\TEACHING\CPRE_185_S2013\INCLASS_PROJECTS\CYCALC7_UNIVERSAL\DEBUG\WINBGI.OBJ
D:\ACADEMIC\TEACHING\CPRE_185_S2013\INCLASS_PROJECTS\CYCALC7_UNIVERSAL\DEBUG\WINTHREAD.OBJ
D:\ACADEMIC\TEACHING\CPRE_185_S2013\INCLASS_PROJECTS\CYCALC7_UNIVERSAL\DEBUG\VC110.PDB
D:\ACADEMIC\TEACHING\CPRE_185_S2013\INCLASS_PROJECTS\CYCALC7_UNIVERSAL\DEBUG\WII_MAIN.OBJ
D:\ACADEMIC\TEACHING\_CPRE_185_F2013\CLASS_SOURCECODES\CYCALC7_L6\DEBUG\BGIOUT.OBJ
D:\ACADEMIC\TEACHING\_CPRE_185_F2013\CLASS_SOURCECODES\CYCALC7_L6\DEBUG\DIBUTIL.OBJ
D:\ACADEMIC\TEACHING\_CPRE_185_F2013\CLASS_SOURCECODES\CYCALC7_L6\DEBUG\DRAWING.OBJ
D:\ACADEMIC\TEACHING\_CPRE_185_F2013\CLASS_SOURCECODES\CYCALC7_L6\DEBUG\FILE.OBJ
D:\ACADEMIC\TEACHING\_CPRE_185_F2013\CLASS_SOURCECODES\CYCALC7_L6\DEBUG\MISC.OBJ
D:\ACADEMIC\TEACHING\_CPRE_185_F2013\CLASS_SOURCECODES\CYCALC7_L6\DEBUG\MOUSE.OBJ
D:\ACADEMIC\TEACHING\_CPRE_185_F2013\CLASS_SOURCECODES\CYCALC7_L6\DEBUG\PALETTE.OBJ
D:\ACADEMIC\TEACHING\_CPRE_185_F2013\CLASS_SOURCECODES\CYCALC7_L6\DEBUG\MAIN.OBJ
D:\ACADEMIC\TEACHING\_CPRE_185_F2013\CLASS_SOURCECODES\CYCALC7_L6\DEBUG\TEXT.OBJ
D:\ACADEMIC\TEACHING\_CPRE_185_F2013\CLASS_SOURCECODES\CYCALC7_L6\DEBUG\WINBGI.OBJ
D:\ACADEMIC\TEACHING\_CPRE_185_F2013\CLASS_SOURCECODES\CYCALC7_L6\DEBUG\WINTHREAD.OBJ
D:\ACADEMIC\TEACHING\_CPRE_185_F2013\CLASS_SOURCECODES\CYCALC7_L6\DEBUG\VC110.PDB
D:\ACADEMIC\TEACHING\_CPRE_185_F2013\CLASS_SOURCECODES\CYCALC7_L6\DEBUG\WII_MAIN.OBJ
D:\ACADEMIC\TEACHING\CPRE_185_S2013\INCLASS_PROJECTS\CYCALC7_UNIVERSAL\DEBUG\BGI.ILK
D:\ACADEMIC\TEACHING\CPRE_185_S2013\INCLASS_PROJECTS\CYCALC7_UNIVERSAL\DEBUG\BGI.EXE
D:\ACADEMIC\TEACHING\CPRE_185_S2013\INCLASS_PROJECTS\CYCALC7_UNIVERSAL\DEBUG\BGI.PDB
D:\ACADEMIC\TEACHING\_CPRE_185_F2013\CLASS_SOURCECODES\CYCALC7_L6\DEBUG\BGI.ILK
D:\ACADEMIC\TEACHING\_CPRE_185_F2013\CLASS_SOURCECODES\CYCALC7_L6\DEBUG\BGI.EXE
D:\ACADEMIC\TEACHING\_CPRE_185_F2013\CLASS_SOURCECODES\CYCALC7_L6\DEBUG\BGI.PDB
D:\Academic\Teaching\_CPRE_185_F2013\Class_Sourcecodes\CyCalc7_L6\Debug\bgiout.obj
D:\Academic\Teaching\_CPRE_185_F2013\Class_Sourcecodes\CyCalc7_L6\Debug\dibutil.obj
D:\Academic\Teaching\_CPRE_185_F2013\Class_Sourcecodes\CyCalc7_L6\Debug\drawing.obj
D:\Academic\Teaching\_CPRE_185_F2013\Class_Sourcecodes\CyCalc7_L6\Debug\file.obj
D:\Academic\Teaching\_CPRE_185_F2013\Class_Sourcecodes\CyCalc7_L6\Debug\main.obj
D:\Academic\Teaching\_CPRE_185_F2013\Class_Sourcecodes\CyCalc7_L6\Debug\misc.obj
D:\Academic\Teaching\_CPRE_185_F2013\Class_Sourcecodes\CyCalc7_L6\Debug\mouse.obj
D:\Academic\Teaching\_CPRE_185_F2013\Class_Sourcecodes\CyCalc7_L6\Debug\palette.obj
D:\Academic\Teaching\_CPRE_185_F2013\Class_Sourcecodes\CyCalc7_L6\Debug\text.obj
D:\Academic\Teaching\_CPRE_185_F2013\Class_Sourcecodes\CyCalc7_L6\Debug\wii_main.obj
D:\Academic\Teaching\_CPRE_185_F2013\Class_Sourcecodes\CyCalc7_L6\Debug\winbgi.obj
D:\Academic\Teaching\_CPRE_185_F2013\Class_Sourcecodes\CyCalc7_L6\Debug\winthread.obj
D:\Academic\Teaching\_CPRE_185_F2013\Class_Sourcecodes\CyCalc7_L6\Debug\bgi.ilk
D:\Academic\Teaching\_CPRE_185_F2013\Class_Sourcecodes\CyCalc7_L6\Debug\cl.command.1.tlog
D:\Academic\Teaching\_CPRE_185_F2013\Class_Sourcecodes\CyCalc7_L6\Debug\CL.read.1.tlog
D:\Academic\Teaching\_CPRE_185_F2013\Class_Sourcecodes\CyCalc7_L6\Debug\CL.write.1.tlog
D:\Academic\Teaching\_CPRE_185_F2013\Class_Sourcecodes\CyCalc7_L6\Debug\link-cvtres.read.1.tlog
D:\Academic\Teaching\_CPRE_185_F2013\Class_Sourcecodes\CyCalc7_L6\Debug\link-cvtres.write.1.tlog
D:\Academic\Teaching\_CPRE_185_F2013\Class_Sourcecodes\CyCalc7_L6\Debug\link-rc.read.1.tlog
D:\Academic\Teaching\_CPRE_185_F2013\Class_Sourcecodes\CyCalc7_L6\Debug\link-rc.write.1.tlog
D:\Academic\Teaching\_CPRE_185_F2013\Class_Sourcecodes\CyCalc7_L6\Debug\link.4504-cvtres.read.1.tlog
D:\Academic\Teaching\_CPRE_185_F2013\Class_Sourcecodes\CyCalc7_L6\Debug\link.4504-cvtres.write.1.tlog
D:\Academic\Teaching\_CPRE_185_F2013\Class_Sourcecodes\CyCalc7_L6\Debug\link.4504-rc.read.1.tlog
D:\Academic\Teaching\_CPRE_185_F2013\Class_Sourcecodes\CyCalc7_L6\Debug\link.4504-rc.write.1.tlog
D:\Academic\Teaching\_CPRE_185_F2013\Class_Sourcecodes\CyCalc7_L6\Debug\link.4504.read.1.tlog
D:\Academic\Teaching\_CPRE_185_F2013\Class_Sourcecodes\CyCalc7_L6\Debug\link.4504.write.1.tlog
D:\Academic\Teaching\_CPRE_185_F2013\Class_Sourcecodes\CyCalc7_L6\Debug\link.command.1.tlog
D:\Academic\Teaching\_CPRE_185_F2013\Class_Sourcecodes\CyCalc7_L6\Debug\link.read.1.tlog
D:\Academic\Teaching\_CPRE_185_F2013\Class_Sourcecodes\CyCalc7_L6\Debug\link.write.1.tlog
D:\Academic\Teaching\_CPRE_185_F2013\Class_Sourcecodes\CyCalc7_L6\Debug\vc110.idb
D:\Academic\Teaching\_CPRE_185_F2013\Class_Sourcecodes\CyCalc7_L6\Debug\bgi.pdb
D:\Academic\Teaching\_CPRE_185_F2013\Class_Sourcecodes\CyCalc7_L6\Debug\vc110.pdb
D:\Academic\Teaching\_CPRE_185_F2013\Class_Sourcecodes\CyCalc7_L6\Debug\bgi.exe
